<?xml version="1.0" encoding="UTF-8"?>
<!-- Generated by org.testng.reporters.JUnitReportReporter -->
<testsuite skipped="0" hostname="dell" name="com.cts.irctc.seleniumtestcases.IrctcFormTests" tests="21" failures="0" timestamp="2020-12-06T23:56:01 IST" time="3.170" errors="0">
  <testcase name="testheadingPresent" time="0.080" classname="com.cts.irctc.seleniumtestcases.IrctcFormTests"/>
  <system-out/>
  <testcase name="testcustomerNamePresentsTagNameType" time="0.050" classname="com.cts.irctc.seleniumtestcases.IrctcFormTests"/>
  <system-out/>
  <testcase name="testmobileNumberPresentsTagNameType" time="0.036" classname="com.cts.irctc.seleniumtestcases.IrctcFormTests"/>
  <system-out/>
  <testcase name="testFromCityPresentsTagNameType" time="0.018" classname="com.cts.irctc.seleniumtestcases.IrctcFormTests"/>
  <system-out/>
  <testcase name="testToCityPresentsTagNameType" time="0.011" classname="com.cts.irctc.seleniumtestcases.IrctcFormTests"/>
  <system-out/>
  <testcase name="testTravelClassPresentsTagNameType" time="0.009" classname="com.cts.irctc.seleniumtestcases.IrctcFormTests"/>
  <system-out/>
  <testcase name="testNoOfTicketsPresentsTagNameType" time="0.010" classname="com.cts.irctc.seleniumtestcases.IrctcFormTests"/>
  <system-out/>
  <testcase name="testsubmitPresentsTagNameType" time="0.028" classname="com.cts.irctc.seleniumtestcases.IrctcFormTests"/>
  <system-out/>
  <testcase name="testFormPresentActionValueMethodName" time="0.024" classname="com.cts.irctc.seleniumtestcases.IrctcFormTests"/>
  <system-out/>
  <testcase name="testcustomerNameEmpty" time="0.128" classname="com.cts.irctc.seleniumtestcases.IrctcFormTests"/>
  <system-out/>
  <testcase name="testmobileNumberWrong" time="0.118" classname="com.cts.irctc.seleniumtestcases.IrctcFormTests"/>
  <system-out/>
  <testcase name="testmobileNumberWrong1" time="0.111" classname="com.cts.irctc.seleniumtestcases.IrctcFormTests"/>
  <system-out/>
  <testcase name="testFromCity" time="0.064" classname="com.cts.irctc.seleniumtestcases.IrctcFormTests"/>
  <system-out/>
  <testcase name="testToCity" time="0.053" classname="com.cts.irctc.seleniumtestcases.IrctcFormTests"/>
  <system-out/>
  <testcase name="testTravelClass" time="0.055" classname="com.cts.irctc.seleniumtestcases.IrctcFormTests"/>
  <system-out/>
  <testcase name="testNoOfTicketsWrong1" time="0.217" classname="com.cts.irctc.seleniumtestcases.IrctcFormTests"/>
  <system-out/>
  <testcase name="testNoOfTicketsWrong2" time="0.449" classname="com.cts.irctc.seleniumtestcases.IrctcFormTests"/>
  <system-out/>
  <testcase name="testSubmitActionForSameFromAndToCity" time="0.425" classname="com.cts.irctc.seleniumtestcases.IrctcFormTests"/>
  <system-out/>
  <testcase name="testSubmitActionWithTicketBookingResult" time="0.630" classname="com.cts.irctc.seleniumtestcases.IrctcFormTests"/>
  <system-out/>
  <testcase name="testSubmitActionWithTrainNotFound1" time="0.310" classname="com.cts.irctc.seleniumtestcases.IrctcFormTests"/>
  <system-out/>
  <testcase name="testSubmitActionWithTrainNotFound2" time="0.344" classname="com.cts.irctc.seleniumtestcases.IrctcFormTests"/>
  <system-out/>
</testsuite> <!-- com.cts.irctc.seleniumtestcases.IrctcFormTests -->
